<?xml version="1.0" encoding="UTF-8"?>
<!-- Generated by org.testng.reporters.JUnitReportReporter -->
<testsuite skipped="0" hostname="DESKTOP-S1DQQ82" name="Project.SignUp" tests="1" failures="0" timestamp="18 Jun 2018 06:36:00 GMT" time="1.042" errors="0">
  <testcase name="Airport" time="1.042" classname="Project.SignUp"/>
</testsuite> <!-- Project.SignUp -->
